2026/07/09 03:36:08 [notice] 1#1: signal 1 (SIGHUP) received, reconfiguring
2026/07/09 03:36:08 [notice] 1#1: reconfiguring
2026/07/09 03:36:08 [notice] 1#1: using the "epoll" event method
2026/07/09 03:36:08 [notice] 1#1: start worker processes
2026/07/09 03:36:08 [notice] 1#1: start worker process 33
2026/07/09 03:36:08 [notice] 1#1: start worker process 34
2026/07/09 03:36:08 [notice] 1#1: start worker process 35
2026/07/09 03:36:08 [notice] 1#1: start worker process 36
2026/07/09 03:36:08 [notice] 29#29: gracefully shutting down
2026/07/09 03:36:08 [notice] 30#30: gracefully shutting down
2026/07/09 03:36:08 [notice] 30#30: exiting
2026/07/09 03:36:08 [notice] 31#31: gracefully shutting down
2026/07/09 03:36:08 [notice] 31#31: exiting
2026/07/09 03:36:08 [notice] 29#29: exiting
2026/07/09 03:36:08 [notice] 29#29: exit
2026/07/09 03:36:08 [notice] 32#32: gracefully shutting down
2026/07/09 03:36:08 [notice] 32#32: exiting
2026/07/09 03:36:08 [notice] 31#31: exit
2026/07/09 03:36:08 [notice] 30#30: exit
2026/07/09 03:36:08 [notice] 32#32: exit
2026/07/09 03:36:08 [notice] 1#1: signal 17 (SIGCHLD) received from 30
2026/07/09 03:36:08 [notice] 1#1: worker process 30 exited with code 0
2026/07/09 03:36:08 [notice] 1#1: signal 29 (SIGIO) received
2026/07/09 03:36:08 [notice] 1#1: signal 17 (SIGCHLD) received from 31
2026/07/09 03:36:08 [notice] 1#1: worker process 31 exited with code 0
2026/07/09 03:36:08 [notice] 1#1: signal 29 (SIGIO) received
2026/07/09 03:36:08 [notice] 1#1: signal 17 (SIGCHLD) received from 32
2026/07/09 03:36:08 [notice] 1#1: worker process 29 exited with code 0
2026/07/09 03:36:08 [notice] 1#1: worker process 32 exited with code 0
2026/07/09 03:36:08 [notice] 1#1: signal 29 (SIGIO) received
